<?xml version="1.0" encoding="UTF-8" ?>
<testsuite errors="0" failures="0" hostname="LAPTOP-U8CJQJON" name="Test" skipped="0" tests="4" time="0.031" timestamp="2021-04-04T02:02:15">
  <properties>
    <property name="java.vendor" value="Sun Microsystems Inc." />
    <property name="sun.java.launcher" value="SUN_STANDARD" />
    <property name="sun.management.compiler" value="HotSpot Client Compiler" />
    <property name="dist" value="C:\Users\Usuario\Documents\GitHub\java-ci-pipeline\Actividad1_Datos2\dist" />
    <property name="os.name" value="Windows NT (unknown)" />
    <property name="sun.boot.class.path" value="C:\Program Files (x86)\Java\jdk1.6.0_18\jre\lib\resources.jar;C:\Program Files (x86)\Java\jdk1.6.0_18\jre\lib\rt.jar;C:\Program Files (x86)\Java\jdk1.6.0_18\jre\lib\sunrsasign.jar;C:\Program Files (x86)\Java\jdk1.6.0_18\jre\lib\jsse.jar;C:\Program Files (x86)\Java\jdk1.6.0_18\jre\lib\jce.jar;C:\Program Files (x86)\Java\jdk1.6.0_18\jre\lib\charsets.jar;C:\Program Files (x86)\Java\jdk1.6.0_18\jre\classes" />
    <property name="TODAY" value="April 3 2021" />
    <property name="sun.desktop" value="windows" />
    <property name="java.vm.specification.vendor" value="Sun Microsystems Inc." />
    <property name="ant.home" value="C:\apache-ant-1.9.15" />
    <property name="java.runtime.version" value="1.6.0_18-b07" />
    <property name="user.name" value="Usuario" />
    <property name="user.language" value="es" />
    <property name="build" value="C:\Users\Usuario\Documents\GitHub\java-ci-pipeline\Actividad1_Datos2\build" />
    <property name="sun.boot.library.path" value="C:\Program Files (x86)\Java\jdk1.6.0_18\jre\bin" />
    <property name="ant.project.default-target" value="all" />
    <property name="ant.project.name" value="Actividad1_Datos2" />
    <property name="DSTAMP" value="20210403" />
    <property name="java.version" value="1.6.0_18" />
    <property name="version" value="1.0" />
    <property name="user.timezone" value="" />
    <property name="sun.arch.data.model" value="32" />
    <property name="java.endorsed.dirs" value="C:\Program Files (x86)\Java\jdk1.6.0_18\jre\lib\endorsed" />
    <property name="sun.cpu.isalist" value="" />
    <property name="sun.jnu.encoding" value="Cp1252" />
    <property name="file.encoding.pkg" value="sun.io" />
    <property name="file.separator" value="\" />
    <property name="java.specification.name" value="Java Platform API Specification" />
    <property name="java.class.version" value="50.0" />
    <property name="src" value="C:\Users\Usuario\Documents\GitHub\java-ci-pipeline\Actividad1_Datos2\src" />
    <property name="user.country" value="CR" />
    <property name="java.home" value="C:\Program Files (x86)\Java\jdk1.6.0_18\jre" />
    <property name="java.vm.info" value="mixed mode, sharing" />
    <property name="ant.file" value="C:\Users\Usuario\Documents\GitHub\java-ci-pipeline\Actividad1_Datos2\build.xml" />
    <property name="os.version" value="6.2" />
    <property name="path.separator" value=";" />
    <property name="java.vm.version" value="16.0-b13" />
    <property name="report.dir" value="C:\Users\Usuario\Documents\GitHub\java-ci-pipeline\Actividad1_Datos2\target\junit-reports" />
    <property name="user.variant" value="" />
    <property name="ant.library.dir" value="C:\apache-ant-1.9.15\lib" />
    <property name="java.awt.printerjob" value="sun.awt.windows.WPrinterJob" />
    <property name="sun.io.unicode.encoding" value="UnicodeLittle" />
    <property name="awt.toolkit" value="sun.awt.windows.WToolkit" />
    <property name="junit.class.name" value="Test" />
    <property name="user.home" value="C:\Users\Usuario" />
    <property name="java.specification.vendor" value="Sun Microsystems Inc." />
    <property name="test.dir" value="C:\Users\Usuario\Documents\GitHub\java-ci-pipeline\Actividad1_Datos2\src\test\java" />
    <property name="java.library.path" value="C:\Program Files (x86)\Java\jdk1.6.0_18\bin;.;C:\WINDOWS\Sun\Java\bin;C:\WINDOWS\system32;C:\WINDOWS;C:\Program Files (x86)\VMware\VMware Workstation\bin\;C:\Program Files (x86)\JavaFX\javafx-sdk1.2\bin;C:\Program Files (x86)\JavaFX\javafx-sdk1.2\emulator\bin;C:\WINDOWS\system32;C:\WINDOWS;C:\WINDOWS\System32\Wbem;C:\WINDOWS\System32\WindowsPowerShell\v1.0\;C:\WINDOWS\System32\OpenSSH\;C:\Program Files\Git\cmd;C:\Program Files (x86)\Java\jdk1.6.0_18\bin;C:\Program Files\nodejs\;C:\apache-ant-1.9.15\bin;C:\Ruby27-x64\bin;C:\Users\Usuario\AppData\Local\Programs\Python\Python38-32\Scripts\;C:\Users\Usuario\AppData\Local\Programs\Python\Python38-32\;C:\Users\Usuario\AppData\Local\Microsoft\WindowsApps;C:\Users\Usuario\AppData\Local\GitHubDesktop\bin;C:\Users\Usuario\AppData\Local\Microsoft\WindowsApps;C:\Users\Usuario\AppData\Roaming\npm;;C:\Program Files\JetBrains\CLion 2020.3.2\bin;" />
    <property name="java.vendor.url" value="http://java.sun.com/" />
    <property name="jars" value="libs" />
    <property name="bin.dir" value="C:\Users\Usuario\Documents\GitHub\java-ci-pipeline\Actividad1_Datos2/target" />
    <property name="java.vm.vendor" value="Sun Microsystems Inc." />
    <property name="java.runtime.name" value="Java(TM) SE Runtime Environment" />
    <property name="java.class.path" value="C:\apache-ant-1.9.15\lib\ant-launcher.jar;C:\apache-ant-1.9.15\lib\ant-antlr.jar;C:\apache-ant-1.9.15\lib\ant-apache-bcel.jar;C:\apache-ant-1.9.15\lib\ant-apache-bsf.jar;C:\apache-ant-1.9.15\lib\ant-apache-log4j.jar;C:\apache-ant-1.9.15\lib\ant-apache-oro.jar;C:\apache-ant-1.9.15\lib\ant-apache-regexp.jar;C:\apache-ant-1.9.15\lib\ant-apache-resolver.jar;C:\apache-ant-1.9.15\lib\ant-apache-xalan2.jar;C:\apache-ant-1.9.15\lib\ant-commons-logging.jar;C:\apache-ant-1.9.15\lib\ant-commons-net.jar;C:\apache-ant-1.9.15\lib\ant-jai.jar;C:\apache-ant-1.9.15\lib\ant-javamail.jar;C:\apache-ant-1.9.15\lib\ant-jdepend.jar;C:\apache-ant-1.9.15\lib\ant-jmf.jar;C:\apache-ant-1.9.15\lib\ant-jsch.jar;C:\apache-ant-1.9.15\lib\ant-junit.jar;C:\apache-ant-1.9.15\lib\ant-junit4.jar;C:\apache-ant-1.9.15\lib\ant-launcher.jar;C:\apache-ant-1.9.15\lib\ant-netrexx.jar;C:\apache-ant-1.9.15\lib\ant-swing.jar;C:\apache-ant-1.9.15\lib\ant-testutil.jar;C:\apache-ant-1.9.15\lib\ant.jar;C:\Program Files (x86)\Java\jdk1.6.0_18\lib\tools.jar" />
    <property name="ant.version" value="Apache Ant(TM) version 1.9.15 compiled on May 10 2020" />
    <property name="TSTAMP" value="2002" />
    <property name="java.vm.specification.name" value="Java Virtual Machine Specification" />
    <property name="ant.file.type" value="file" />
    <property name="java.vm.specification.version" value="1.0" />
    <property name="sun.cpu.endian" value="little" />
    <property name="sun.os.patch.level" value="" />
    <property name="java.io.tmpdir" value="C:\Users\Usuario\AppData\Local\Temp\" />
    <property name="report.data.dir" value="C:\Users\Usuario\Documents\GitHub\java-ci-pipeline\Actividad1_Datos2\target\junit-reports\data" />
    <property name="java.vendor.url.bug" value="http://java.sun.com/cgi-bin/bugreport.cgi" />
    <property name="ant.file.type.Actividad1_Datos2" value="file" />
    <property name="ant.file.Actividad1_Datos2" value="C:\Users\Usuario\Documents\GitHub\java-ci-pipeline\Actividad1_Datos2\build.xml" />
    <property name="os.arch" value="x86" />
    <property name="java.awt.graphicsenv" value="sun.awt.Win32GraphicsEnvironment" />
    <property name="java.ext.dirs" value="C:\Program Files (x86)\Java\jdk1.6.0_18\jre\lib\ext;C:\WINDOWS\Sun\Java\lib\ext" />
    <property name="user.dir" value="C:\Users\Usuario\Documents\GitHub\java-ci-pipeline\Actividad1_Datos2" />
    <property name="line.separator" value="&#xd;&#xa;" />
    <property name="java.vm.name" value="Java HotSpot(TM) Client VM" />
    <property name="basedir" value="C:\Users\Usuario\Documents\GitHub\java-ci-pipeline\Actividad1_Datos2" />
    <property name="ant.java.version" value="1.6" />
    <property name="ant.core.lib" value="C:\apache-ant-1.9.15\lib\ant.jar" />
    <property name="file.encoding" value="Cp1252" />
    <property name="java.specification.version" value="1.6" />
    <property name="ant.project.invoked-targets" value="all" />
  </properties>
  <testcase classname="Test" name="testsuma" time="0.0" />
  <testcase classname="Test" name="testresta" time="0.0" />
  <testcase classname="Test" name="testdivision" time="0.0" />
  <testcase classname="Test" name="testmulti" time="0.0" />
  <system-out><![CDATA[]]></system-out>
  <system-err><![CDATA[]]></system-err>
</testsuite>
